<?xml version="1.0" encoding="UTF-8"?>
<!-- Generated by org.testng.reporters.JUnitXMLReporter -->
<testsuite ignored="0" hostname="DESKTOP-AL31QFP" failures="0" tests="3" name="My HubSpot Website Test Edge(failed)(failed)(failed)" time="17.294" errors="0" timestamp="2023-02-13T23:07:12 EST">
  <testcase classname="com.myTests.LoginPageTest" name="verifyLoginPageTitletest" time="0.031"/>
  <testcase classname="com.myTests.LoginPageTest" name="verifyLoginPageHeadertest" time="0.1"/>
  <testcase classname="com.myTests.LoginPageTest" name="doLoginTest" time="0.683"/>
</testsuite> <!-- My HubSpot Website Test Edge(failed)(failed)(failed) -->
