<?xml version="1.0" encoding="UTF-8"?>
<testng-results ignored="0" total="3" passed="3" failed="0" skipped="0">
  <reporter-output>
  </reporter-output>
  <suite started-at="2023-02-13T23:06:54 EST" name="Failed suite [Failed suite [Failed suite [Practice Suite]]]" finished-at="2023-02-13T23:07:12 EST" duration-ms="17294">
    <groups>
    </groups>
    <test started-at="2023-02-13T23:06:54 EST" name="My HubSpot Website Test Edge(failed)(failed)(failed)" finished-at="2023-02-13T23:07:12 EST" duration-ms="17294">
      <class name="com.myTests.LoginPageTest">
        <test-method is-config="true" signature="setUpTest(java.lang.String)[pri:0, instance:com.myTests.LoginPageTest@201a4587]" started-at="2023-02-13T23:06:55 EST" name="setUpTest" finished-at="2023-02-13T23:07:01 EST" duration-ms="6279" status="PASS">
          <params>
            <param index="0">
              <value>
                <![CDATA[edge]]>
              </value>
            </param>
          </params>
          <reporter-output>
          </reporter-output>
        </test-method> <!-- setUpTest -->
        <test-method signature="verifyLoginPageTitletest()[pri:0, instance:com.myTests.LoginPageTest@201a4587]" started-at="2023-02-13T23:07:01 EST" name="verifyLoginPageTitletest" finished-at="2023-02-13T23:07:01 EST" duration-ms="31" status="PASS">
          <reporter-output>
          </reporter-output>
        </test-method> <!-- verifyLoginPageTitletest -->
        <test-method is-config="true" signature="tearDown()[pri:0, instance:com.myTests.LoginPageTest@201a4587]" started-at="2023-02-13T23:07:01 EST" name="tearDown" finished-at="2023-02-13T23:07:01 EST" duration-ms="289" status="PASS">
          <reporter-output>
          </reporter-output>
        </test-method> <!-- tearDown -->
        <test-method is-config="true" signature="setUpTest(java.lang.String)[pri:0, instance:com.myTests.LoginPageTest@201a4587]" started-at="2023-02-13T23:07:01 EST" name="setUpTest" finished-at="2023-02-13T23:07:06 EST" duration-ms="4700" status="PASS">
          <params>
            <param index="0">
              <value>
                <![CDATA[edge]]>
              </value>
            </param>
          </params>
          <reporter-output>
          </reporter-output>
        </test-method> <!-- setUpTest -->
        <test-method signature="verifyLoginPageHeadertest()[pri:1, instance:com.myTests.LoginPageTest@201a4587]" started-at="2023-02-13T23:07:06 EST" name="verifyLoginPageHeadertest" finished-at="2023-02-13T23:07:06 EST" duration-ms="100" status="PASS">
          <reporter-output>
          </reporter-output>
        </test-method> <!-- verifyLoginPageHeadertest -->
        <test-method is-config="true" signature="tearDown()[pri:0, instance:com.myTests.LoginPageTest@201a4587]" started-at="2023-02-13T23:07:06 EST" name="tearDown" finished-at="2023-02-13T23:07:06 EST" duration-ms="276" status="PASS">
          <reporter-output>
          </reporter-output>
        </test-method> <!-- tearDown -->
        <test-method is-config="true" signature="setUpTest(java.lang.String)[pri:0, instance:com.myTests.LoginPageTest@201a4587]" started-at="2023-02-13T23:07:06 EST" name="setUpTest" finished-at="2023-02-13T23:07:11 EST" duration-ms="4550" status="PASS">
          <params>
            <param index="0">
              <value>
                <![CDATA[edge]]>
              </value>
            </param>
          </params>
          <reporter-output>
          </reporter-output>
        </test-method> <!-- setUpTest -->
        <test-method signature="doLoginTest()[pri:2, instance:com.myTests.LoginPageTest@201a4587]" started-at="2023-02-13T23:07:11 EST" name="doLoginTest" finished-at="2023-02-13T23:07:12 EST" duration-ms="683" status="PASS">
          <reporter-output>
          </reporter-output>
        </test-method> <!-- doLoginTest -->
        <test-method is-config="true" signature="tearDown()[pri:0, instance:com.myTests.LoginPageTest@201a4587]" started-at="2023-02-13T23:07:12 EST" name="tearDown" finished-at="2023-02-13T23:07:12 EST" duration-ms="256" status="PASS">
          <reporter-output>
          </reporter-output>
        </test-method> <!-- tearDown -->
      </class> <!-- com.myTests.LoginPageTest -->
    </test> <!-- My HubSpot Website Test Edge(failed)(failed)(failed) -->
  </suite> <!-- Failed suite [Failed suite [Failed suite [Practice Suite]]] -->
</testng-results>
