<?xml version="1.0" encoding="UTF-8"?>
<!-- Generated by org.testng.reporters.JUnitXMLReporter -->
<testsuite ignored="0" hostname="DESKTOP-AL31QFP" failures="0" tests="3" name="My HubSpot Website Test Edge" time="17.787" errors="0" timestamp="2023-02-13T23:05:36 EST">
  <testcase classname="com.myTests.LoginPageTest" name="verifyLoginPageTitletest" time="0.013"/>
  <testcase classname="com.myTests.LoginPageTest" name="verifyLoginPageHeadertest" time="0.086"/>
  <testcase classname="com.myTests.LoginPageTest" name="doLoginTest" time="0.958"/>
</testsuite> <!-- My HubSpot Website Test Edge -->
