<?xml version="1.0" encoding="UTF-8"?>
<!-- Generated by org.testng.reporters.JUnitXMLReporter -->
<testsuite ignored="0" hostname="DESKTOP-AL31QFP" failures="0" tests="3" name="My HubSpot Website Test Chrome" time="13.128" errors="0" timestamp="2023-02-13T23:05:31 EST">
  <testcase classname="com.myTests.LoginPageTest" name="verifyLoginPageTitletest" time="0.026"/>
  <testcase classname="com.myTests.LoginPageTest" name="verifyLoginPageHeadertest" time="0.143"/>
  <testcase classname="com.myTests.LoginPageTest" name="doLoginTest" time="0.689"/>
</testsuite> <!-- My HubSpot Website Test Chrome -->
