<?xml version="1.0" encoding="UTF-8"?>
<!-- Generated by org.testng.reporters.JUnitXMLReporter -->
<testsuite ignored="0" hostname="DESKTOP-AL31QFP" failures="0" tests="5" name="My HubSpot Website Test Edge" time="31.44" errors="0" timestamp="2023-02-14T16:22:07 EST">
  <testcase classname="com.myTests.LoginPageTest" name="verifyLoginPageTitletest" time="0.008"/>
  <testcase classname="com.myTests.LoginPageTest" name="verifyLoginPageHeadertest" time="0.35"/>
  <testcase classname="com.myTests.LoginPageTest" name="doLoginTestUsingDataProvider" time="5.43"/>
  <testcase classname="com.myTests.LoginPageTest" name="doLoginTestUsingDataProvider" time="5.38"/>
  <testcase classname="com.myTests.LoginPageTest" name="doLoginTestUsingPropFile" time="0.363"/>
</testsuite> <!-- My HubSpot Website Test Edge -->
