<?xml version="1.0" encoding="UTF-8"?>
<!-- Generated by org.testng.reporters.JUnitXMLReporter -->
<testsuite ignored="0" hostname="DESKTOP-AL31QFP" failures="0" tests="5" name="My HubSpot Website Test Chrome" time="30.347" errors="0" timestamp="2023-02-14T16:22:06 EST">
  <testcase classname="com.myTests.LoginPageTest" name="verifyLoginPageTitletest" time="0.038"/>
  <testcase classname="com.myTests.LoginPageTest" name="verifyLoginPageHeadertest" time="0.497"/>
  <testcase classname="com.myTests.LoginPageTest" name="doLoginTestUsingDataProvider" time="5.531"/>
  <testcase classname="com.myTests.LoginPageTest" name="doLoginTestUsingDataProvider" time="5.588"/>
  <testcase classname="com.myTests.LoginPageTest" name="doLoginTestUsingPropFile" time="0.327"/>
</testsuite> <!-- My HubSpot Website Test Chrome -->
